<?xml version="1.0" encoding="UTF-8"?>
<testsuite xmlns:xsi="http://www.w3.org/2001/XMLSchema-instance" xsi:noNamespaceSchemaLocation="https://maven.apache.org/surefire/maven-surefire-plugin/xsd/surefire-test-report-3.0.xsd" version="3.0" name="com.litethinking.features.InventoryTest" time="26.185" tests="2" errors="0" skipped="0" failures="0">
  <properties>
[...]
</properties>
  <testcase name="goToCart" classname="com.litethinking.features.InventoryTest" time="13.93"/>
  <testcase name="addFiveProducts" classname="com.litethinking.features.InventoryTest" time="12.185">
    <system-err><![CDATA[nov 29, 2023 8:28:26 A. M. org.openqa.selenium.os.ExternalProcess$Builder lambda$start$0
ADVERTENCIA: failed to copy the output of process 13629
java.io.IOException: Stream closed
	at java.base/java.io.BufferedInputStream.getBufIfOpen(BufferedInputStream.java:175)
	at java.base/java.io.BufferedInputStream.implRead(BufferedInputStream.java:377)
	at java.base/java.io.BufferedInputStream.read(BufferedInputStream.java:371)
	at java.base/java.io.InputStream.transferTo(InputStream.java:790)
	at java.base/java.io.BufferedInputStream.implTransferTo(BufferedInputStream.java:619)
	at java.base/java.io.BufferedInputStream.transferTo(BufferedInputStream.java:603)
	at org.openqa.selenium.os.ExternalProcess$Builder.lambda$start$0(ExternalProcess.java:209)
	at java.base/java.lang.Thread.run(Thread.java:1623)

nov 29, 2023 8:28:38 A. M. org.openqa.selenium.os.ExternalProcess$Builder lambda$start$0
ADVERTENCIA: failed to copy the output of process 13655
java.io.IOException: Stream closed
	at java.base/java.io.BufferedInputStream.getBufIfOpen(BufferedInputStream.java:175)
	at java.base/java.io.BufferedInputStream.implRead(BufferedInputStream.java:377)
	at java.base/java.io.BufferedInputStream.read(BufferedInputStream.java:371)
	at java.base/java.io.InputStream.transferTo(InputStream.java:790)
	at java.base/java.io.BufferedInputStream.implTransferTo(BufferedInputStream.java:619)
	at java.base/java.io.BufferedInputStream.transferTo(BufferedInputStream.java:603)
	at org.openqa.selenium.os.ExternalProcess$Builder.lambda$start$0(ExternalProcess.java:209)
	at java.base/java.lang.Thread.run(Thread.java:1623)

]]></system-err>
  </testcase>
</testsuite>